Performing C SOURCE FILE Test CMAKE_HAVE_LIBC_PTHREAD failed with the following output:
Change Dir: /mnt/hgfs/share/202304/unit16_efficiency_acurate_model/cmake-build-debug/CMakeFiles/CMakeTmp

Run Build Command(s):/home/local1/CLion/CLion-2022.1/clion-2022.1/bin/ninja/linux/ninja cmTC_16af7 && [1/2] Building C object CMakeFiles/cmTC_16af7.dir/src.c.o
[2/2] Linking C executable cmTC_16af7
FAILED: cmTC_16af7 
: && /bin/cc   CMakeFiles/cmTC_16af7.dir/src.c.o -o cmTC_16af7   && :
CMakeFiles/cmTC_16af7.dir/src.c.o: In function `main':
src.c:(.text+0x2d): undefined reference to `pthread_create'
src.c:(.text+0x39): undefined reference to `pthread_detach'
src.c:(.text+0x45): undefined reference to `pthread_cancel'
src.c:(.text+0x56): undefined reference to `pthread_join'
collect2: error: ld returned 1 exit status
ninja: build stopped: subcommand failed.


Source file was:
#include <pthread.h>

static void* test_func(void* data)
{
  return data;
}

int main(void)
{
  pthread_t thread;
  pthread_create(&thread, NULL, test_func, NULL);
  pthread_detach(thread);
  pthread_cancel(thread);
  pthread_join(thread, NULL);
  pthread_atfork(NULL, NULL, NULL);
  pthread_exit(NULL);

  return 0;
}

